heap profile: 4: 17072 [18: 1499136] @ heap/1048576
1: 14336 [1: 14336] @ 0xd0fe99 0xd119dc 0xd107d7 0x1000acb 0x1003e1b 0x10054a8 0xd712e1
#	0x1000aca	github.com/lolodin/infworld/chunk.NewChunk+0x48a		C:/Users/ilii4/go/src/deadWorld/infworld/chunk/Chunk.go:125
#	0x1003e1a	github.com/lolodin/infworld/wmap.GetPlayerDrawChunkMap+0x21a	C:/Users/ilii4/go/src/deadWorld/infworld/wmap/Map.go:134
#	0x10054a7	github.com/lolodin/infworld/gamereducer.ListnerGetMap+0x5c7	C:/Users/ilii4/go/src/deadWorld/infworld/gamereducer/reducer.go:88

1: 2304 [1: 2304] @ 0xf71d7d 0xf70b65 0xd4a9d8 0xd4a9a5 0xd4a9a5 0xd4a9a5 0xd4a9a5 0xd4a9a5 0xd3d585 0xd712e1
#	0xf71d7c	compress/flate.(*huffmanEncoder).generate+0x23c	C:/Go/src/compress/flate/huffman_code.go:279
#	0xf70b64	compress/flate.init.0+0x104			C:/Go/src/compress/flate/huffman_bit_writer.go:615
#	0xd4a9d7	runtime.doInit+0x97				C:/Go/src/runtime/proc.go:5625
#	0xd4a9a4	runtime.doInit+0x64				C:/Go/src/runtime/proc.go:5620
#	0xd4a9a4	runtime.doInit+0x64				C:/Go/src/runtime/proc.go:5620
#	0xd4a9a4	runtime.doInit+0x64				C:/Go/src/runtime/proc.go:5620
#	0xd4a9a4	runtime.doInit+0x64				C:/Go/src/runtime/proc.go:5620
#	0xd4a9a4	runtime.doInit+0x64				C:/Go/src/runtime/proc.go:5620
#	0xd3d584	runtime.main+0x1c4				C:/Go/src/runtime/proc.go:191

1: 384 [1: 384] @ 0xd45958 0xd45e95 0xd6913a 0xd6f5ab 0xd3ffa1
#	0xd45957	runtime.malg+0x37		C:/Go/src/runtime/proc.go:3493
#	0xd45e94	runtime.newproc1+0x3f4		C:/Go/src/runtime/proc.go:3570
#	0xd69139	runtime.newproc.func1+0x59	C:/Go/src/runtime/proc.go:3528
#	0xd6f5aa	runtime.systemstack+0x6a	C:/Go/src/runtime/asm_amd64.s:370
#	0xd3ffa0	runtime.mstart+0x0		C:/Go/src/runtime/proc.go:1116

1: 48 [1: 48] @ 0x1001766 0x1003e1b 0x10054a8 0xd712e1
#	0x1001765	github.com/lolodin/infworld/chunk.NewChunk+0x1125		C:/Users/ilii4/go/src/deadWorld/infworld/chunk/Chunk.go:216
#	0x1003e1a	github.com/lolodin/infworld/wmap.GetPlayerDrawChunkMap+0x21a	C:/Users/ilii4/go/src/deadWorld/infworld/wmap/Map.go:134
#	0x10054a7	github.com/lolodin/infworld/gamereducer.ListnerGetMap+0x5c7	C:/Users/ilii4/go/src/deadWorld/infworld/gamereducer/reducer.go:88

0: 0 [0: 0] @ 0xd6a214 0xda47b3 0xdb7bf4 0xdf8025 0xdf8de8 0xdf6cd4 0xdfb425 0xdf3679 0xffeeac 0xffecf6 0xffcd54 0xff76c3 0xff72f0 0xff7972 0x10024a5 0x1002457 0x1003ea8 0x10054a8 0xd712e1
#	0xd6a213	reflect.mapiterinit+0x33					C:/Go/src/runtime/map.go:1330
#	0xda47b2	reflect.(*MapIter).Next+0x72					C:/Go/src/reflect/value.go:1271
#	0xdb7bf3	internal/fmtsort.Sort+0x1b3					C:/Go/src/internal/fmtsort/sort.go:63
#	0xdf8024	fmt.(*pp).printValue+0xca4					C:/Go/src/fmt/print.go:773
#	0xdf8de7	fmt.(*pp).printValue+0x1a67					C:/Go/src/fmt/print.go:810
#	0xdf6cd3	fmt.(*pp).printArg+0x2b3					C:/Go/src/fmt/print.go:716
#	0xdfb424	fmt.(*pp).doPrint+0x104						C:/Go/src/fmt/print.go:1161
#	0xdf3678	fmt.Sprint+0x58							C:/Go/src/fmt/print.go:249
#	0xffeeab	github.com/sirupsen/logrus.(*TextFormatter).appendValue+0x16b	C:/Users/ilii4/go/pkg/mod/github.com/sirupsen/logrus@v1.6.0/text_formatter.go:326
#	0xffecf5	github.com/sirupsen/logrus.(*TextFormatter).appendKeyValue+0x95	C:/Users/ilii4/go/pkg/mod/github.com/sirupsen/logrus@v1.6.0/text_formatter.go:320
#	0xffcd53	github.com/sirupsen/logrus.(*TextFormatter).Format+0xa93	C:/Users/ilii4/go/pkg/mod/github.com/sirupsen/logrus@v1.6.0/text_formatter.go:221
#	0xff76c2	github.com/sirupsen/logrus.(*Entry).write+0x82			C:/Users/ilii4/go/pkg/mod/github.com/sirupsen/logrus@v1.6.0/entry.go:275
#	0xff72ef	github.com/sirupsen/logrus.Entry.log+0x1cf			C:/Users/ilii4/go/pkg/mod/github.com/sirupsen/logrus@v1.6.0/entry.go:251
#	0xff7971	github.com/sirupsen/logrus.(*Entry).Log+0xf1			C:/Users/ilii4/go/pkg/mod/github.com/sirupsen/logrus@v1.6.0/entry.go:287
#	0x10024a4	github.com/sirupsen/logrus.(*Entry).Info+0x3e4			C:/Users/ilii4/go/pkg/mod/github.com/sirupsen/logrus@v1.6.0/entry.go:304
#	0x1002456	github.com/lolodin/infworld/wmap.(*WorldMap).AddChunk+0x396	C:/Users/ilii4/go/src/deadWorld/infworld/wmap/CacheWorldMap.go:51
#	0x1003ea7	github.com/lolodin/infworld/wmap.GetPlayerDrawChunkMap+0x2a7	C:/Users/ilii4/go/src/deadWorld/infworld/wmap/Map.go:136
#	0x10054a7	github.com/lolodin/infworld/gamereducer.ListnerGetMap+0x5c7	C:/Users/ilii4/go/src/deadWorld/infworld/gamereducer/reducer.go:88

0: 0 [1: 16] @ 0xff57e5 0xff541e 0x1000eb4 0x1003e1b 0x10054a8 0xd712e1
#	0xff57e4	github.com/lolodin/infworld/perlinNoise.getRandomVector+0xa4	C:/Users/ilii4/go/src/deadWorld/infworld/perlinNoise/Perlin.go:56
#	0xff541d	github.com/lolodin/infworld/perlinNoise.Noise+0x11d		C:/Users/ilii4/go/src/deadWorld/infworld/perlinNoise/Perlin.go:19
#	0x1000eb3	github.com/lolodin/infworld/chunk.NewChunk+0x873		C:/Users/ilii4/go/src/deadWorld/infworld/chunk/Chunk.go:142
#	0x1003e1a	github.com/lolodin/infworld/wmap.GetPlayerDrawChunkMap+0x21a	C:/Users/ilii4/go/src/deadWorld/infworld/wmap/Map.go:134
#	0x10054a7	github.com/lolodin/infworld/gamereducer.ListnerGetMap+0x5c7	C:/Users/ilii4/go/src/deadWorld/infworld/gamereducer/reducer.go:88

0: 0 [2: 20480] @ 0xe1ab29 0xe1a7a3 0xe1badd 0xe1a7a3 0xe17e69 0xe17a57 0xe244d1 0x100484a 0x10050ad 0xd712e1
#	0xe1ab28	encoding/json.mapEncoder.encode+0x148					C:/Go/src/encoding/json/encode.go:786
#	0xe1a7a2	encoding/json.structEncoder.encode+0x2c2				C:/Go/src/encoding/json/encode.go:759
#	0xe1badc	encoding/json.arrayEncoder.encode+0xdc					C:/Go/src/encoding/json/encode.go:886
#	0xe1a7a2	encoding/json.structEncoder.encode+0x2c2				C:/Go/src/encoding/json/encode.go:759
#	0xe17e68	encoding/json.(*encodeState).reflectValue+0x88				C:/Go/src/encoding/json/encode.go:358
#	0xe17a56	encoding/json.(*encodeState).marshal+0xf6				C:/Go/src/encoding/json/encode.go:330
#	0xe244d0	encoding/json.(*Encoder).Encode+0x90					C:/Go/src/encoding/json/stream.go:206
#	0x1004849	github.com/lolodin/infworld/gamereducer.PlayerConn.sendData+0x69	C:/Users/ilii4/go/src/deadWorld/infworld/gamereducer/reducer.go:30
#	0x10050ac	github.com/lolodin/infworld/gamereducer.ListnerGetMap+0x1cc		C:/Users/ilii4/go/src/deadWorld/infworld/gamereducer/reducer.go:96

0: 0 [1: 286720] @ 0xe0a8da 0xe0a1f6 0xe0a613 0xe1a747 0xe1bd45 0xe1ad5c 0xe1a7a3 0xe1badd 0xe1a7a3 0xe17e69 0xe17a57 0xe244d1 0x100484a 0x10050ad 0xd712e1
#	0xe0a8d9	bytes.makeSlice+0x79							C:/Go/src/bytes/buffer.go:229
#	0xe0a1f5	bytes.(*Buffer).grow+0x175						C:/Go/src/bytes/buffer.go:142
#	0xe0a612	bytes.(*Buffer).WriteString+0xd2					C:/Go/src/bytes/buffer.go:184
#	0xe1a746	encoding/json.structEncoder.encode+0x266				C:/Go/src/encoding/json/encode.go:754
#	0xe1bd44	encoding/json.ptrEncoder.encode+0x124					C:/Go/src/encoding/json/encode.go:915
#	0xe1ad5b	encoding/json.mapEncoder.encode+0x37b					C:/Go/src/encoding/json/encode.go:801
#	0xe1a7a2	encoding/json.structEncoder.encode+0x2c2				C:/Go/src/encoding/json/encode.go:759
#	0xe1badc	encoding/json.arrayEncoder.encode+0xdc					C:/Go/src/encoding/json/encode.go:886
#	0xe1a7a2	encoding/json.structEncoder.encode+0x2c2				C:/Go/src/encoding/json/encode.go:759
#	0xe17e68	encoding/json.(*encodeState).reflectValue+0x88				C:/Go/src/encoding/json/encode.go:358
#	0xe17a56	encoding/json.(*encodeState).marshal+0xf6				C:/Go/src/encoding/json/encode.go:330
#	0xe244d0	encoding/json.(*Encoder).Encode+0x90					C:/Go/src/encoding/json/stream.go:206
#	0x1004849	github.com/lolodin/infworld/gamereducer.PlayerConn.sendData+0x69	C:/Users/ilii4/go/src/deadWorld/infworld/gamereducer/reducer.go:30
#	0x10050ac	github.com/lolodin/infworld/gamereducer.ListnerGetMap+0x1cc		C:/Users/ilii4/go/src/deadWorld/infworld/gamereducer/reducer.go:96

0: 0 [1: 16] @ 0xff58bc 0xff544e 0x1000eb4 0x1003e1b 0x10054a8 0xd712e1
#	0xff58bb	github.com/lolodin/infworld/perlinNoise.getRandomVector+0x17b	C:/Users/ilii4/go/src/deadWorld/infworld/perlinNoise/Perlin.go:52
#	0xff544d	github.com/lolodin/infworld/perlinNoise.Noise+0x14d		C:/Users/ilii4/go/src/deadWorld/infworld/perlinNoise/Perlin.go:20
#	0x1000eb3	github.com/lolodin/infworld/chunk.NewChunk+0x873		C:/Users/ilii4/go/src/deadWorld/infworld/chunk/Chunk.go:142
#	0x1003e1a	github.com/lolodin/infworld/wmap.GetPlayerDrawChunkMap+0x21a	C:/Users/ilii4/go/src/deadWorld/infworld/wmap/Map.go:134
#	0x10054a7	github.com/lolodin/infworld/gamereducer.ListnerGetMap+0x5c7	C:/Users/ilii4/go/src/deadWorld/infworld/gamereducer/reducer.go:88

0: 0 [1: 40960] @ 0xe0a8da 0xe0a1f6 0xe0a613 0xe1a747 0xe1bd45 0xe1ad5c 0xe1a7a3 0xe1badd 0xe1a7a3 0xe17e69 0xe17a57 0xe244d1 0x100484a 0x10050ad 0xd712e1
#	0xe0a8d9	bytes.makeSlice+0x79							C:/Go/src/bytes/buffer.go:229
#	0xe0a1f5	bytes.(*Buffer).grow+0x175						C:/Go/src/bytes/buffer.go:142
#	0xe0a612	bytes.(*Buffer).WriteString+0xd2					C:/Go/src/bytes/buffer.go:184
#	0xe1a746	encoding/json.structEncoder.encode+0x266				C:/Go/src/encoding/json/encode.go:754
#	0xe1bd44	encoding/json.ptrEncoder.encode+0x124					C:/Go/src/encoding/json/encode.go:915
#	0xe1ad5b	encoding/json.mapEncoder.encode+0x37b					C:/Go/src/encoding/json/encode.go:801
#	0xe1a7a2	encoding/json.structEncoder.encode+0x2c2				C:/Go/src/encoding/json/encode.go:759
#	0xe1badc	encoding/json.arrayEncoder.encode+0xdc					C:/Go/src/encoding/json/encode.go:886
#	0xe1a7a2	encoding/json.structEncoder.encode+0x2c2				C:/Go/src/encoding/json/encode.go:759
#	0xe17e68	encoding/json.(*encodeState).reflectValue+0x88				C:/Go/src/encoding/json/encode.go:358
#	0xe17a56	encoding/json.(*encodeState).marshal+0xf6				C:/Go/src/encoding/json/encode.go:330
#	0xe244d0	encoding/json.(*Encoder).Encode+0x90					C:/Go/src/encoding/json/stream.go:206
#	0x1004849	github.com/lolodin/infworld/gamereducer.PlayerConn.sendData+0x69	C:/Users/ilii4/go/src/deadWorld/infworld/gamereducer/reducer.go:30
#	0x10050ac	github.com/lolodin/infworld/gamereducer.ListnerGetMap+0x1cc		C:/Users/ilii4/go/src/deadWorld/infworld/gamereducer/reducer.go:96

0: 0 [0: 0] @ 0xdb7e05 0xdf8025 0xdf6cd4 0xdfb5d5 0xdf375f 0x1004dba 0x1004d63 0xd712e1
#	0xdb7e04	internal/fmtsort.Sort+0x3c4					C:/Go/src/internal/fmtsort/sort.go:67
#	0xdf8024	fmt.(*pp).printValue+0xca4					C:/Go/src/fmt/print.go:773
#	0xdf6cd3	fmt.(*pp).printArg+0x2b3					C:/Go/src/fmt/print.go:716
#	0xdfb5d4	fmt.(*pp).doPrintln+0xb4					C:/Go/src/fmt/print.go:1173
#	0xdf375e	fmt.Fprintln+0x5e						C:/Go/src/fmt/print.go:264
#	0x1004db9	fmt.Println+0xb9						C:/Go/src/fmt/print.go:274
#	0x1004d62	github.com/lolodin/infworld/gamereducer.ListnerMoveEvent+0x62	C:/Users/ilii4/go/src/deadWorld/infworld/gamereducer/reducer.go:64

0: 0 [1: 3456] @ 0xdf053f 0xdf0487 0xdf113a 0xdf453b 0xdf5cc5 0xdf7fb2 0xdf81b8 0xdf8de8 0xdf6cd4 0xdfb425 0xdf3679 0xffeeac 0xffecf6 0xffcd54 0xff76c3 0xff72f0 0xff7972 0x10024a5 0x1002457 0x1003ea8 0x10054a8 0xd712e1
#	0xdf053e	fmt.(*buffer).write+0xfe					C:/Go/src/fmt/print.go:78
#	0xdf0486	fmt.(*fmt).pad+0x46						C:/Go/src/fmt/format.go:92
#	0xdf1139	fmt.(*fmt).fmtInteger+0x1f9					C:/Go/src/fmt/format.go:319
#	0xdf453a	fmt.(*pp).fmt0x64+0x7a						C:/Go/src/fmt/print.go:365
#	0xdf5cc4	fmt.(*pp).fmtPointer+0x504					C:/Go/src/fmt/print.go:528
#	0xdf7fb1	fmt.(*pp).printValue+0xc31					C:/Go/src/fmt/print.go:886
#	0xdf81b7	fmt.(*pp).printValue+0xe37					C:/Go/src/fmt/print.go:784
#	0xdf8de7	fmt.(*pp).printValue+0x1a67					C:/Go/src/fmt/print.go:810
#	0xdf6cd3	fmt.(*pp).printArg+0x2b3					C:/Go/src/fmt/print.go:716
#	0xdfb424	fmt.(*pp).doPrint+0x104						C:/Go/src/fmt/print.go:1161
#	0xdf3678	fmt.Sprint+0x58							C:/Go/src/fmt/print.go:249
#	0xffeeab	github.com/sirupsen/logrus.(*TextFormatter).appendValue+0x16b	C:/Users/ilii4/go/pkg/mod/github.com/sirupsen/logrus@v1.6.0/text_formatter.go:326
#	0xffecf5	github.com/sirupsen/logrus.(*TextFormatter).appendKeyValue+0x95	C:/Users/ilii4/go/pkg/mod/github.com/sirupsen/logrus@v1.6.0/text_formatter.go:320
#	0xffcd53	github.com/sirupsen/logrus.(*TextFormatter).Format+0xa93	C:/Users/ilii4/go/pkg/mod/github.com/sirupsen/logrus@v1.6.0/text_formatter.go:221
#	0xff76c2	github.com/sirupsen/logrus.(*Entry).write+0x82			C:/Users/ilii4/go/pkg/mod/github.com/sirupsen/logrus@v1.6.0/entry.go:275
#	0xff72ef	github.com/sirupsen/logrus.Entry.log+0x1cf			C:/Users/ilii4/go/pkg/mod/github.com/sirupsen/logrus@v1.6.0/entry.go:251
#	0xff7971	github.com/sirupsen/logrus.(*Entry).Log+0xf1			C:/Users/ilii4/go/pkg/mod/github.com/sirupsen/logrus@v1.6.0/entry.go:287
#	0x10024a4	github.com/sirupsen/logrus.(*Entry).Info+0x3e4			C:/Users/ilii4/go/pkg/mod/github.com/sirupsen/logrus@v1.6.0/entry.go:304
#	0x1002456	github.com/lolodin/infworld/wmap.(*WorldMap).AddChunk+0x396	C:/Users/ilii4/go/src/deadWorld/infworld/wmap/CacheWorldMap.go:51
#	0x1003ea7	github.com/lolodin/infworld/wmap.GetPlayerDrawChunkMap+0x2a7	C:/Users/ilii4/go/src/deadWorld/infworld/wmap/Map.go:136
#	0x10054a7	github.com/lolodin/infworld/gamereducer.ListnerGetMap+0x5c7	C:/Users/ilii4/go/src/deadWorld/infworld/gamereducer/reducer.go:88

0: 0 [1: 16] @ 0xe15077 0xe0f791 0xe11ffe 0xe0f619 0xe0ed8a 0xe0e705 0x10079c7 0xd712e1
#	0xe15076	encoding/json.(*decodeState).literalStore+0x1ed6			C:/Go/src/encoding/json/decode.go:955
#	0xe0f790	encoding/json.(*decodeState).value+0x1f0				C:/Go/src/encoding/json/decode.go:384
#	0xe11ffd	encoding/json.(*decodeState).object+0x12fd				C:/Go/src/encoding/json/decode.go:765
#	0xe0f618	encoding/json.(*decodeState).value+0x78					C:/Go/src/encoding/json/decode.go:370
#	0xe0ed89	encoding/json.(*decodeState).unmarshal+0x1e9				C:/Go/src/encoding/json/decode.go:180
#	0xe0e704	encoding/json.Unmarshal+0x124						C:/Go/src/encoding/json/decode.go:107
#	0x10079c6	github.com/lolodin/infworld/playerhand.PlayerHandler.func1.2+0x3c6	C:/Users/ilii4/go/src/deadWorld/infworld/playerhand/player_handler.go:110

0: 0 [1: 16] @ 0x1007733 0xd712e1
#	0x1007732	github.com/lolodin/infworld/playerhand.PlayerHandler.func1.2+0x132	C:/Users/ilii4/go/src/deadWorld/infworld/playerhand/player_handler.go:105

0: 0 [1: 1792] @ 0xd0fe99 0xd119dc 0xd107d7 0x1000acb 0x1003e1b 0x10054a8 0xd712e1
#	0x1000aca	github.com/lolodin/infworld/chunk.NewChunk+0x48a		C:/Users/ilii4/go/src/deadWorld/infworld/chunk/Chunk.go:125
#	0x1003e1a	github.com/lolodin/infworld/wmap.GetPlayerDrawChunkMap+0x21a	C:/Users/ilii4/go/src/deadWorld/infworld/wmap/Map.go:134
#	0x10054a7	github.com/lolodin/infworld/gamereducer.ListnerGetMap+0x5c7	C:/Users/ilii4/go/src/deadWorld/infworld/gamereducer/reducer.go:88

0: 0 [1: 73728] @ 0xe0a8da 0xe0a1f6 0xe0a613 0xe1ce67 0xe1aca5 0xe1a7a3 0xe1badd 0xe1a7a3 0xe17e69 0xe17a57 0xe244d1 0x100484a 0x10050ad 0xd712e1
#	0xe0a8d9	bytes.makeSlice+0x79							C:/Go/src/bytes/buffer.go:229
#	0xe0a1f5	bytes.(*Buffer).grow+0x175						C:/Go/src/bytes/buffer.go:142
#	0xe0a612	bytes.(*Buffer).WriteString+0xd2					C:/Go/src/bytes/buffer.go:184
#	0xe1ce66	encoding/json.(*encodeState).string+0x466				C:/Go/src/encoding/json/encode.go:1066
#	0xe1aca4	encoding/json.mapEncoder.encode+0x2c4					C:/Go/src/encoding/json/encode.go:799
#	0xe1a7a2	encoding/json.structEncoder.encode+0x2c2				C:/Go/src/encoding/json/encode.go:759
#	0xe1badc	encoding/json.arrayEncoder.encode+0xdc					C:/Go/src/encoding/json/encode.go:886
#	0xe1a7a2	encoding/json.structEncoder.encode+0x2c2				C:/Go/src/encoding/json/encode.go:759
#	0xe17e68	encoding/json.(*encodeState).reflectValue+0x88				C:/Go/src/encoding/json/encode.go:358
#	0xe17a56	encoding/json.(*encodeState).marshal+0xf6				C:/Go/src/encoding/json/encode.go:330
#	0xe244d0	encoding/json.(*Encoder).Encode+0x90					C:/Go/src/encoding/json/stream.go:206
#	0x1004849	github.com/lolodin/infworld/gamereducer.PlayerConn.sendData+0x69	C:/Users/ilii4/go/src/deadWorld/infworld/gamereducer/reducer.go:30
#	0x10050ac	github.com/lolodin/infworld/gamereducer.ListnerGetMap+0x1cc		C:/Users/ilii4/go/src/deadWorld/infworld/gamereducer/reducer.go:96

0: 0 [1: 144] @ 0xe1e4c5 0xe1f0b2 0xe10f85 0xe0f619 0xe0ed8a 0xe0e705 0x1007e05 0xfcfc0b 0xfd1c97 0xfd33aa 0xfce9cd 0xd712e1
#	0xe1e4c4	encoding/json.typeFields+0xe04						C:/Go/src/encoding/json/encode.go:1299
#	0xe1f0b1	encoding/json.cachedTypeFields+0xf1					C:/Go/src/encoding/json/encode.go:1387
#	0xe10f84	encoding/json.(*decodeState).object+0x284				C:/Go/src/encoding/json/decode.go:651
#	0xe0f618	encoding/json.(*decodeState).value+0x78					C:/Go/src/encoding/json/decode.go:370
#	0xe0ed89	encoding/json.(*decodeState).unmarshal+0x1e9				C:/Go/src/encoding/json/decode.go:180
#	0xe0e704	encoding/json.Unmarshal+0x124						C:/Go/src/encoding/json/decode.go:107
#	0x1007e04	github.com/lolodin/infworld/playerhand.PlayerHandler.func1+0x284	C:/Users/ilii4/go/src/deadWorld/infworld/playerhand/player_handler.go:56
#	0xfcfc0a	net/http.HandlerFunc.ServeHTTP+0x4a					C:/Go/src/net/http/server.go:2042
#	0xfd1c96	net/http.(*ServeMux).ServeHTTP+0x1b6					C:/Go/src/net/http/server.go:2417
#	0xfd33a9	net/http.serverHandler.ServeHTTP+0xa9					C:/Go/src/net/http/server.go:2843
#	0xfce9cc	net/http.(*conn).serve+0x8ac						C:/Go/src/net/http/server.go:1925

0: 0 [1: 1048576] @ 0x10905ea 0x109050b 0x108d098 0x109afc5 0x109c8cc 0xfcfc0b 0xfd1c97 0xfd33aa 0xfce9cd 0xd712e1
#	0x10905e9	runtime/pprof.writeGoroutineStacks+0x49	C:/Go/src/runtime/pprof/pprof.go:691
#	0x109050a	runtime/pprof.writeGoroutine+0x4a	C:/Go/src/runtime/pprof/pprof.go:682
#	0x108d097	runtime/pprof.(*Profile).WriteTo+0x3f7	C:/Go/src/runtime/pprof/pprof.go:331
#	0x109afc4	net/http/pprof.handler.ServeHTTP+0x384	C:/Go/src/net/http/pprof/pprof.go:256
#	0x109c8cb	net/http/pprof.Index+0x94b		C:/Go/src/net/http/pprof/pprof.go:367
#	0xfcfc0a	net/http.HandlerFunc.ServeHTTP+0x4a	C:/Go/src/net/http/server.go:2042
#	0xfd1c96	net/http.(*ServeMux).ServeHTTP+0x1b6	C:/Go/src/net/http/server.go:2417
#	0xfd33a9	net/http.serverHandler.ServeHTTP+0xa9	C:/Go/src/net/http/server.go:2843
#	0xfce9cc	net/http.(*conn).serve+0x8ac		C:/Go/src/net/http/server.go:1925

0: 0 [1: 6144] @ 0xda42b7 0xe1aaf8 0xe1a7a3 0xe1badd 0xe1a7a3 0xe17e69 0xe17a57 0xe244d1 0x100484a 0x10050ad 0xd712e1
#	0xda42b6	reflect.Value.MapKeys+0xf6						C:/Go/src/reflect/value.go:1215
#	0xe1aaf7	encoding/json.mapEncoder.encode+0x117					C:/Go/src/encoding/json/encode.go:785
#	0xe1a7a2	encoding/json.structEncoder.encode+0x2c2				C:/Go/src/encoding/json/encode.go:759
#	0xe1badc	encoding/json.arrayEncoder.encode+0xdc					C:/Go/src/encoding/json/encode.go:886
#	0xe1a7a2	encoding/json.structEncoder.encode+0x2c2				C:/Go/src/encoding/json/encode.go:759
#	0xe17e68	encoding/json.(*encodeState).reflectValue+0x88				C:/Go/src/encoding/json/encode.go:358
#	0xe17a56	encoding/json.(*encodeState).marshal+0xf6				C:/Go/src/encoding/json/encode.go:330
#	0xe244d0	encoding/json.(*Encoder).Encode+0x90					C:/Go/src/encoding/json/stream.go:206
#	0x1004849	github.com/lolodin/infworld/gamereducer.PlayerConn.sendData+0x69	C:/Users/ilii4/go/src/deadWorld/infworld/gamereducer/reducer.go:30
#	0x10050ac	github.com/lolodin/infworld/gamereducer.ListnerGetMap+0x1cc		C:/Users/ilii4/go/src/deadWorld/infworld/gamereducer/reducer.go:96

0: 0 [0: 0] @ 0xff27a5 0xff2605 0xff25e5 0x1007685 0xd712e1
#	0xff27a4	github.com/gobwas/ws/wsutil.readData+0xa4				C:/Users/ilii4/go/pkg/mod/github.com/gobwas/ws@v1.0.3/wsutil/helper.go:250
#	0xff2604	github.com/gobwas/ws/wsutil.ReadData+0x44				C:/Users/ilii4/go/pkg/mod/github.com/gobwas/ws@v1.0.3/wsutil/helper.go:88
#	0xff25e4	github.com/gobwas/ws/wsutil.ReadClientData+0x24				C:/Users/ilii4/go/pkg/mod/github.com/gobwas/ws@v1.0.3/wsutil/helper.go:97
#	0x1007684	github.com/lolodin/infworld/playerhand.PlayerHandler.func1.2+0x84	C:/Users/ilii4/go/src/deadWorld/infworld/playerhand/player_handler.go:96


# runtime.MemStats
# Alloc = 2955560
# TotalAlloc = 16212144
# Sys = 14702984
# Lookups = 0
# Mallocs = 291505
# Frees = 265129
# HeapAlloc = 2955560
# HeapSys = 8126464
# HeapIdle = 3850240
# HeapInuse = 4276224
# HeapReleased = 3817472
# HeapObjects = 26376
# Stack = 262144 / 262144
# MSpan = 126072 / 147456
# MCache = 13632 / 16384
# BuckHashSys = 1449624
# GCSys = 2750984
# OtherSys = 1949928
# NextGC = 4194304
# LastGC = 1600636520626425200
# PauseNs = [911900 0 0 0 0 0 0 0 0 0 0 0 0 0 0 0 0 0 0 0 0 0 0 0 0 0 0 0 0 0 0 0 0 0 0 0 0 0 0 0 0 0 0 0 0 0 0 0 0 0 0 0 0 0 0 0 0 0 0 0 0 0 0 0 0 0 0 0 0 0 0 0 0 0 0 0 0 0 0 0 0 0 0 0 0 0 0 0 0 0 0 0 0 0 0 0 0 0 0 0 0 0 0 0 0 0 0 0 0 0 0 0 0 0 0 0 0 0 0 0 0 0 0 0 0 0 0 0 0 0 0 0 0 0 0 0 0 0 0 0 0 0 0 0 0 0 0 0 0 0 0 0 0 0 0 0 0 0 0 0 0 0 0 0 0 0 0 0 0 0 0 0 0 0 0 0 0 0 0 0 0 0 0 0 0 0 0 0 0 0 0 0 0 0 0 0 0 0 0 0 0 0 0 0 0 0 0 0 0 0 0 0 0 0 0 0 0 0 0 0 0 0 0 0 0 0 0 0 0 0 0 0 0 0 0 0 0 0 0 0 0 0 0 0 0 0 0 0 0 0 0 0 0 0 0 0]
# PauseEnd = [1600636511930386500 1600636513861482100 1600636515184199100 1600636516569902800 1600636518280790400 1600636518685074500 1600636520626425200 0 0 0 0 0 0 0 0 0 0 0 0 0 0 0 0 0 0 0 0 0 0 0 0 0 0 0 0 0 0 0 0 0 0 0 0 0 0 0 0 0 0 0 0 0 0 0 0 0 0 0 0 0 0 0 0 0 0 0 0 0 0 0 0 0 0 0 0 0 0 0 0 0 0 0 0 0 0 0 0 0 0 0 0 0 0 0 0 0 0 0 0 0 0 0 0 0 0 0 0 0 0 0 0 0 0 0 0 0 0 0 0 0 0 0 0 0 0 0 0 0 0 0 0 0 0 0 0 0 0 0 0 0 0 0 0 0 0 0 0 0 0 0 0 0 0 0 0 0 0 0 0 0 0 0 0 0 0 0 0 0 0 0 0 0 0 0 0 0 0 0 0 0 0 0 0 0 0 0 0 0 0 0 0 0 0 0 0 0 0 0 0 0 0 0 0 0 0 0 0 0 0 0 0 0 0 0 0 0 0 0 0 0 0 0 0 0 0 0 0 0 0 0 0 0 0 0 0 0 0 0 0 0 0 0 0 0 0 0 0 0 0 0 0 0 0 0 0 0]
# NumGC = 7
# NumForcedGC = 0
# GCCPUFraction = 1.669199771343989e-05
# DebugGC = false
